2012-05-28 07:17:41 Debug: Notice (8): Use of undefined constant BASE_URL - assumed 'BASE_URL' in [E:\htdocs\bestjokes\app\views\layouts\default.ctp, line 17]
2012-05-28 07:17:41 Debug: Notice (8): Use of undefined constant BASE_URL - assumed 'BASE_URL' in [E:\htdocs\bestjokes\app\views\layouts\default.ctp, line 18]
2012-05-28 07:17:41 Debug: Notice (8): Use of undefined constant BASE_URL - assumed 'BASE_URL' in [E:\htdocs\bestjokes\app\views\layouts\default.ctp, line 20]
2012-05-28 07:17:41 Debug: Notice (8): Use of undefined constant BASE_URL - assumed 'BASE_URL' in [E:\htdocs\bestjokes\app\views\layouts\default.ctp, line 26]
2012-05-28 07:17:41 Debug: Notice (8): Undefined variable: common in [E:\htdocs\bestjokes\app\views\layouts\default.ctp, line 116]
2012-05-28 07:17:41 Debug: Notice (8): Undefined variable: javascript in [E:\htdocs\bestjokes\app\views\layouts\default.ctp, line 14]
2012-05-28 07:17:41 Debug: Notice (8): Undefined variable: javascript in [E:\htdocs\bestjokes\app\views\layouts\default.ctp, line 14]
2012-05-28 07:17:41 Debug: Notice (8): Undefined variable: javascript in [E:\htdocs\bestjokes\app\views\layouts\default.ctp, line 14]
2012-05-28 07:17:41 Debug: Notice (8): Undefined variable: javascript in [E:\htdocs\bestjokes\app\views\layouts\default.ctp, line 14]
2012-05-28 07:17:41 Debug: Notice (8): Undefined variable: javascript in [E:\htdocs\bestjokes\app\views\layouts\default.ctp, line 14]
2012-05-28 07:17:41 Debug: Notice (8): Undefined variable: javascript in [E:\htdocs\bestjokes\app\views\layouts\default.ctp, line 14]
2012-05-28 07:17:41 Debug: Notice (8): Undefined variable: javascript in [E:\htdocs\bestjokes\app\views\layouts\default.ctp, line 14]
2012-05-28 07:17:41 Debug: Notice (8): Undefined variable: javascript in [E:\htdocs\bestjokes\app\views\layouts\default.ctp, line 14]
2012-05-28 07:17:41 Debug: Notice (8): Undefined variable: javascript in [E:\htdocs\bestjokes\app\views\layouts\default.ctp, line 14]
2012-05-28 07:17:41 Debug: Notice (8): Undefined variable: javascript in [E:\htdocs\bestjokes\app\views\layouts\default.ctp, line 14]
2012-05-28 07:17:41 Debug: Notice (8): Undefined variable: javascript in [E:\htdocs\bestjokes\app\views\layouts\default.ctp, line 14]
2012-05-28 07:17:41 Debug: Notice (8): Undefined variable: javascript in [E:\htdocs\bestjokes\app\views\layouts\default.ctp, line 14]
2012-05-28 07:17:41 Debug: Notice (8): Undefined variable: javascript in [E:\htdocs\bestjokes\app\views\layouts\default.ctp, line 14]
2012-05-28 07:17:41 Debug: Notice (8): Undefined variable: javascript in [E:\htdocs\bestjokes\app\views\layouts\default.ctp, line 14]
2012-05-28 07:17:41 Debug: Notice (8): Undefined variable: javascript in [E:\htdocs\bestjokes\app\views\layouts\default.ctp, line 14]
2012-05-28 07:17:42 Debug: Notice (8): Undefined variable: javascript in [E:\htdocs\bestjokes\app\views\layouts\default.ctp, line 14]
2012-05-28 07:17:42 Debug: Notice (8): Undefined variable: javascript in [E:\htdocs\bestjokes\app\views\layouts\default.ctp, line 14]
2012-05-28 07:20:27 Debug: Notice (8): Undefined variable: common in [E:\htdocs\bestjokes\app\views\layouts\default.ctp, line 101]
2012-05-28 07:20:27 Debug: Notice (8): Undefined variable: javascript in [E:\htdocs\bestjokes\app\views\layouts\default.ctp, line 12]
2012-05-28 07:20:27 Debug: Notice (8): Undefined variable: javascript in [E:\htdocs\bestjokes\app\views\layouts\default.ctp, line 12]
2012-05-28 07:20:27 Debug: Notice (8): Undefined variable: javascript in [E:\htdocs\bestjokes\app\views\layouts\default.ctp, line 12]
2012-05-28 07:20:27 Debug: Notice (8): Undefined variable: javascript in [E:\htdocs\bestjokes\app\views\layouts\default.ctp, line 12]
2012-05-28 07:20:27 Debug: Notice (8): Undefined variable: javascript in [E:\htdocs\bestjokes\app\views\layouts\default.ctp, line 12]
2012-05-28 07:20:27 Debug: Notice (8): Undefined variable: javascript in [E:\htdocs\bestjokes\app\views\layouts\default.ctp, line 12]
2012-05-28 07:21:22 Debug: Notice (8): Undefined variable: common in [E:\htdocs\bestjokes\app\views\layouts\default.ctp, line 61]
2012-05-28 07:21:22 Debug: Notice (8): Undefined variable: javascript in [E:\htdocs\bestjokes\app\views\layouts\default.ctp, line 12]
2012-05-28 07:21:22 Debug: Notice (8): Undefined variable: javascript in [E:\htdocs\bestjokes\app\views\layouts\default.ctp, line 12]
2012-05-28 07:21:22 Debug: Notice (8): Undefined variable: javascript in [E:\htdocs\bestjokes\app\views\layouts\default.ctp, line 12]
2012-05-28 07:21:22 Debug: Notice (8): Undefined variable: javascript in [E:\htdocs\bestjokes\app\views\layouts\default.ctp, line 12]
2012-05-28 07:21:22 Debug: Notice (8): Undefined variable: javascript in [E:\htdocs\bestjokes\app\views\layouts\default.ctp, line 12]
2012-05-28 07:21:22 Debug: Notice (8): Undefined variable: javascript in [E:\htdocs\bestjokes\app\views\layouts\default.ctp, line 12]
2012-05-28 07:22:19 Debug: Notice (8): Undefined variable: javascript in [E:\htdocs\bestjokes\app\views\layouts\default.ctp, line 12]
2012-05-28 07:22:19 Debug: Notice (8): Undefined variable: javascript in [E:\htdocs\bestjokes\app\views\layouts\default.ctp, line 12]
2012-05-28 07:22:19 Debug: Notice (8): Undefined variable: javascript in [E:\htdocs\bestjokes\app\views\layouts\default.ctp, line 12]
2012-05-28 07:22:19 Debug: Notice (8): Undefined variable: javascript in [E:\htdocs\bestjokes\app\views\layouts\default.ctp, line 12]
2012-05-28 07:22:19 Debug: Notice (8): Undefined variable: javascript in [E:\htdocs\bestjokes\app\views\layouts\default.ctp, line 12]
2012-05-28 07:22:19 Debug: Notice (8): Undefined variable: javascript in [E:\htdocs\bestjokes\app\views\layouts\default.ctp, line 12]
2012-05-28 07:22:56 Debug: Notice (8): Undefined variable: javascript in [E:\htdocs\bestjokes\app\views\layouts\default.ctp, line 12]
2012-05-28 07:22:56 Debug: Notice (8): Undefined variable: javascript in [E:\htdocs\bestjokes\app\views\layouts\default.ctp, line 12]
2012-05-28 07:22:56 Debug: Notice (8): Undefined variable: javascript in [E:\htdocs\bestjokes\app\views\layouts\default.ctp, line 12]
2012-05-28 07:22:56 Debug: Notice (8): Undefined variable: javascript in [E:\htdocs\bestjokes\app\views\layouts\default.ctp, line 12]
2012-05-28 07:22:56 Debug: Notice (8): Undefined variable: javascript in [E:\htdocs\bestjokes\app\views\layouts\default.ctp, line 12]
2012-05-28 07:23:30 Debug: Notice (8): Undefined variable: javascript in [E:\htdocs\bestjokes\app\views\layouts\default.ctp, line 12]
2012-05-28 07:23:30 Debug: Notice (8): Undefined variable: javascript in [E:\htdocs\bestjokes\app\views\layouts\default.ctp, line 12]
2012-05-28 07:23:30 Debug: Notice (8): Undefined variable: javascript in [E:\htdocs\bestjokes\app\views\layouts\default.ctp, line 12]
2012-05-28 07:23:30 Debug: Notice (8): Undefined variable: javascript in [E:\htdocs\bestjokes\app\views\layouts\default.ctp, line 12]
2012-05-28 07:23:30 Debug: Notice (8): Undefined variable: javascript in [E:\htdocs\bestjokes\app\views\layouts\default.ctp, line 12]
2012-05-28 07:24:27 Debug: Notice (8): Undefined variable: javascript in [E:\htdocs\bestjokes\app\views\layouts\default.ctp, line 12]
2012-05-28 07:24:27 Debug: Notice (8): Undefined variable: javascript in [E:\htdocs\bestjokes\app\views\layouts\default.ctp, line 12]
2012-05-28 07:24:27 Debug: Notice (8): Undefined variable: javascript in [E:\htdocs\bestjokes\app\views\layouts\default.ctp, line 12]
2012-05-28 07:24:27 Debug: Notice (8): Undefined variable: javascript in [E:\htdocs\bestjokes\app\views\layouts\default.ctp, line 12]
2012-05-28 07:24:27 Debug: Notice (8): Undefined variable: javascript in [E:\htdocs\bestjokes\app\views\layouts\default.ctp, line 12]
2012-05-28 07:24:30 Debug: Notice (8): Undefined variable: javascript in [E:\htdocs\bestjokes\app\views\layouts\default.ctp, line 12]
2012-05-28 07:24:30 Debug: Notice (8): Undefined variable: javascript in [E:\htdocs\bestjokes\app\views\layouts\default.ctp, line 12]
2012-05-28 07:24:30 Debug: Notice (8): Undefined variable: javascript in [E:\htdocs\bestjokes\app\views\layouts\default.ctp, line 12]
2012-05-28 07:24:30 Debug: Notice (8): Undefined variable: javascript in [E:\htdocs\bestjokes\app\views\layouts\default.ctp, line 12]
2012-05-28 07:24:30 Debug: Notice (8): Undefined variable: javascript in [E:\htdocs\bestjokes\app\views\layouts\default.ctp, line 12]
2012-05-28 07:36:33 Debug: Notice (8): Undefined variable: paginator in [E:\htdocs\bestjokes\app\views\jokes\index.ctp, line 3]
2012-05-28 07:38:43 Debug: Notice (8): Undefined variable: common in [E:\htdocs\bestjokes\app\views\jokes\index.ctp, line 8]
2012-05-28 07:39:01 Debug: Notice (8): Undefined variable: paginate_cond in [E:\htdocs\bestjokes\app\views\jokes\index.ctp, line 102]
2012-05-28 07:40:43 Debug: Notice (8): Undefined variable: paginate_cond in [E:\htdocs\bestjokes\app\views\jokes\index.ctp, line 77]
2012-05-28 08:46:10 Debug: Notice (8): Undefined index: User in [E:\htdocs\bestjokes\app\views\jokes\index.ctp, line 46]
2012-05-28 08:46:10 Debug: Notice (8): Undefined index: User in [E:\htdocs\bestjokes\app\views\jokes\index.ctp, line 47]
2012-05-28 08:46:10 Debug: Notice (8): Undefined index: User in [E:\htdocs\bestjokes\app\views\jokes\index.ctp, line 48]
2012-05-28 08:46:10 Debug: Notice (8): Undefined index: User in [E:\htdocs\bestjokes\app\views\jokes\index.ctp, line 49]
2012-05-28 08:46:10 Debug: Notice (8): Undefined index: UserGroup in [E:\htdocs\bestjokes\app\views\jokes\index.ctp, line 50]
2012-05-28 08:46:10 Debug: Notice (8): Undefined index: User in [E:\htdocs\bestjokes\app\views\jokes\index.ctp, line 51]
2012-05-28 08:46:10 Debug: Notice (8): Undefined index: User in [E:\htdocs\bestjokes\app\views\jokes\index.ctp, line 52]
2012-05-28 08:46:10 Debug: Notice (8): Undefined variable: common in [E:\htdocs\bestjokes\app\views\jokes\index.ctp, line 55]
2012-05-28 08:47:51 Debug: Notice (8): Undefined variable: user in [E:\htdocs\bestjokes\app\views\jokes\index.ctp, line 48]
2012-05-28 08:47:51 Debug: Notice (8): Undefined variable: common in [E:\htdocs\bestjokes\app\views\jokes\index.ctp, line 54]
2012-05-28 08:49:11 Debug: Notice (8): Undefined variable: user in [E:\htdocs\bestjokes\app\views\jokes\index.ctp, line 48]
2012-05-28 10:15:29 Debug: Notice (8): Undefined property: JokesController::$joke in [E:\htdocs\bestjokes\app\controllers\jokes_controller.php, line 62]
2012-05-28 10:19:15 Debug: Notice (8): Undefined variable: joke_data in [E:\htdocs\bestjokes\app\views\jokes\edit_joke.ctp, line 47]
